[02:14:23] [ServerMain/INFO]: [bootstrap] Running Java 21 (OpenJDK 64-Bit Server VM 21.0.7+6-Ubuntu-0ubuntu120.04; Ubuntu null) on Linux 6.8.0-1027-azure (amd64)
[02:14:23] [ServerMain/INFO]: [bootstrap] Loading Paper 1.21-130-master@b1b5d4c (2024-08-10T10:02:42Z) for Minecraft 1.21
[02:14:23] [ServerMain/INFO]: [PluginInitializerManager] Initializing plugins...
[02:14:24] [ServerMain/INFO]: [PluginInitializerManager] Initialized 0 plugins
[02:14:31] [ServerMain/INFO]: Environment: Environment[sessionHost=https://sessionserver.mojang.com, servicesHost=https://api.minecraftservices.com, name=PROD]
[02:14:33] [ServerMain/INFO]: Loaded 1290 recipes
[02:14:34] [ServerMain/INFO]: Loaded 1399 advancements
[02:14:34] [Server thread/INFO]: Starting minecraft server version 1.21
[02:14:34] [Server thread/INFO]: Loading properties
[02:14:34] [Server thread/INFO]: This server is running Paper version 1.21-130-master@b1b5d4c (2024-08-10T10:02:42Z) (Implementing API version 1.21-R0.1-SNAPSHOT)
[02:14:35] [Server thread/INFO]: [spark] This server bundles the spark profiler. For more information please visit https://docs.papermc.io/paper/profiling
[02:14:35] [Server thread/INFO]: Server Ping Player Sample Count: 12
[02:14:35] [Server thread/INFO]: Using 4 threads for Netty based IO
[02:14:36] [Server thread/INFO]: [ChunkTaskScheduler] Chunk system is using 1 I/O threads, 1 worker threads, and population gen parallelism of 1 threads
[02:14:37] [Server thread/INFO]: Default game type: SURVIVAL
[02:14:37] [Server thread/INFO]: Generating keypair
[02:14:37] [Server thread/INFO]: Starting Minecraft server on *:25565
[02:14:37] [Server thread/INFO]: Using epoll channel type
[02:14:37] [Server thread/INFO]: Paper: Using libdeflate (Linux x86_64) compression from Velocity.
[02:14:37] [Server thread/INFO]: Paper: Using OpenSSL 1.1.x (Linux x86_64) cipher from Velocity.
[02:14:37] [Server thread/INFO]: Server permissions file permissions.yml is empty, ignoring it
[02:14:37] [Server thread/WARN]: **** SERVER IS RUNNING IN OFFLINE/INSECURE MODE!
[02:14:37] [Server thread/WARN]: The server will make no attempt to authenticate usernames. Beware.
[02:14:37] [Server thread/WARN]: While this makes the game possible to play without internet access, it also opens up the ability for hackers to connect with any username they choose.
[02:14:37] [Server thread/WARN]: To change this, set "online-mode" to "true" in the server.properties file.
[02:14:37] [Server thread/INFO]: Preparing level "world"
[02:14:37] [Server thread/INFO]: Preparing start region for dimension minecraft:overworld
[02:14:39] [Server thread/INFO]: Time elapsed: 1887 ms
[02:14:39] [Server thread/INFO]: Preparing start region for dimension minecraft:the_nether
[02:14:40] [Server thread/INFO]: Time elapsed: 436 ms
[02:14:40] [Server thread/INFO]: Preparing start region for dimension minecraft:the_end
[02:14:40] [Server thread/INFO]: Time elapsed: 313 ms
[02:14:40] [Server thread/INFO]: [spark] Starting background profiler...
[02:14:41] [Server thread/INFO]: Done preparing level "world" (4.385s)
[02:14:41] [Server thread/INFO]: Running delayed init tasks
[02:14:41] [Server thread/INFO]: Done (20.143s)! For help, type "help"
[02:14:41] [Server thread/INFO]: Timings Reset
[02:19:47] [User Authenticator #0/INFO]: UUID of player TopkWomen_xs29 is 14711c4e-eb0b-3ada-97c1-824db825da7b
[02:19:49] [Server thread/INFO]: TopkWomen_xs29 joined the game
[02:19:49] [Server thread/INFO]: TopkWomen_xs29[/127.41.58.129:34715] logged in with entity id 24 at ([world]3.5, 77.0, 4.5)
[02:19:52] [Server thread/INFO]: TopkWomen_xs29 lost connection: Disconnected
[02:19:52] [Server thread/INFO]: TopkWomen_xs29 left the game
[02:24:52] [User Authenticator #1/INFO]: UUID of player TopkWomen_xs29 is 14711c4e-eb0b-3ada-97c1-824db825da7b
[02:24:53] [Server thread/INFO]: TopkWomen_xs29 joined the game
[02:24:53] [Server thread/INFO]: TopkWomen_xs29[/127.41.58.129:44019] logged in with entity id 62 at ([world]3.5594890113046875, 77.0, 5.138466454630908)
[02:24:56] [Server thread/INFO]: TopkWomen_xs29 lost connection: Disconnected
[02:24:56] [Server thread/INFO]: TopkWomen_xs29 left the game
[02:25:07] [User Authenticator #1/INFO]: UUID of player Luisit00 is 1481ce47-995c-3a84-8b37-bbf2a742ed85
[02:25:09] [Server thread/INFO]: Luisit00 joined the game
[02:25:09] [Server thread/INFO]: Luisit00[/127.90.159.197:56655] logged in with entity id 131 at ([world]-3.5, 77.0, 7.5)
[02:25:16] [User Authenticator #1/INFO]: UUID of player TopkWomen_xs29 is 14711c4e-eb0b-3ada-97c1-824db825da7b
[02:25:18] [Server thread/INFO]: TopkWomen_xs29 joined the game
[02:25:18] [Server thread/INFO]: TopkWomen_xs29[/127.41.58.129:51543] logged in with entity id 184 at ([world]3.5594890113046875, 77.0, 5.138466454630908)
[02:27:17] [Server thread/INFO]: Luisit00 has made the advancement [Monster Hunter]
[02:27:46] [Async Chat Thread - #1/INFO]: [Not Secure] <Luisit00> bu
[02:27:53] [Async Chat Thread - #1/INFO]: [Not Secure] <TopkWomen_xs29> chvre tu logro
[02:28:01] [Async Chat Thread - #1/INFO]: [Not Secure] <Luisit00> pa tu libro
[02:28:24] [Async Chat Thread - #1/INFO]: [Not Secure] <TopkWomen_xs29> ya funcion el shenanigans
[02:28:34] [Async Chat Thread - #1/INFO]: [Not Secure] <Luisit00> qe cosa
[02:28:41] [Async Chat Thread - #1/INFO]: [Not Secure] <TopkWomen_xs29> el 2v2
[02:28:46] [Async Chat Thread - #1/INFO]: [Not Secure] <Luisit00> ah ya
[02:29:00] [Server thread/INFO]: TopkWomen_xs29 has made the advancement [Monster Hunter]
[02:30:22] [Server thread/INFO]: Luisit00 has made the advancement [Stone Age]
[02:30:28] [Server thread/INFO]: TopkWomen_xs29 has made the advancement [Stone Age]
[02:30:42] [Server thread/INFO]: TopkWomen_xs29 has made the advancement [Getting an Upgrade]
[02:31:04] [Server thread/INFO]: Luisit00 has made the advancement [Getting an Upgrade]
[02:31:45] [Server thread/INFO]: Seed: [8757155779024613074]
[02:32:46] [Async Chat Thread - #2/INFO]: [Not Secure] <Luisit00> come
[02:32:50] [Server thread/INFO]: Luisit00 issued server command: /callback TopkWomen_xs29
[02:33:56] [Async Chat Thread - #4/INFO]: [Not Secure] <Luisit00> oe
[02:33:59] [Async Chat Thread - #4/INFO]: [Not Secure] <Luisit00> verdad
[02:34:06] [Async Chat Thread - #4/INFO]: [Not Secure] <TopkWomen_xs29> q cosa
[02:34:07] [Async Chat Thread - #4/INFO]: [Not Secure] <Luisit00> qué se hace en sociales
[02:34:11] [Async Chat Thread - #4/INFO]: [Not Secure] <Luisit00> ?
